Wrong output
Wrong output
Wrong output
Wrong output
Wrong output
Wrong output
Wrong output
Wrong output
Wrong output
Wrong output
Wrong output
Wrong output
Wrong output
Wrong output
Wrong output
Wrong output
Wrong output
Wrong output
Wrong output
Wrong output
Number of reached cars exceeded. Got 0. Expected 30
Car 6 has entered multiple times
Not exactly 2 cars from lane 2
Car 6 was not selected from lane 2 when trying to enter
Number of reached cars exceeded. Got 0. Expected 30
Car 6 has exited multiple times
Car 6 was not linked to lane when trying to exit.
Number of reached cars exceeded. Got 0. Expected 30
Car 8 has entered multiple times
Not exactly 2 cars from lane 2
Car 8 was not selected from lane 2 when trying to enter
Number of reached cars exceeded. Got 0. Expected 30
Car 18 has entered multiple times
Not exactly 2 cars from lane 1
Car 18 was not selected from lane 1 when trying to enter
Number of reached cars exceeded. Got 0. Expected 30
Car 18 has exited multiple times
Car 18 was not linked to lane when trying to exit.
Number of reached cars exceeded. Got 0. Expected 30
Car 24 has entered multiple times
Not exactly 2 cars from lane 1
Car 24 was not selected from lane 1 when trying to enter
Number of reached cars exceeded. Got 0. Expected 30
Car 24 has exited multiple times
Car 24 was not linked to lane when trying to exit.
Wrong output
Number of reached cars exceeded. Got 0. Expected 30
Car 4 has entered multiple times
Not exactly 2 cars from lane 1
Car 4 was not selected from lane 1 when trying to enter
Number of reached cars exceeded. Got 0. Expected 30
Car 0 has entered multiple times
Not exactly 2 cars from lane 0
Car 0 was not selected from lane 0 when trying to enter
Number of reached cars exceeded. Got 0. Expected 30
Car 0 has exited multiple times
Car 0 was not linked to lane when trying to exit.
Number of reached cars exceeded. Got 0. Expected 30
Car 3 has entered multiple times
Not exactly 2 cars from lane 0
Car 3 was not selected from lane 0 when trying to enter
Wrong output
Wrong output
Number of reached cars exceeded. Got 0. Expected 30
Car 4 has exited multiple times
Car 4 was not linked to lane when trying to exit.
Number of reached cars exceeded. Got 0. Expected 30
Car 11 has entered multiple times
Not exactly 2 cars from lane 0
Car 11 was not selected from lane 0 when trying to enter
Number of reached cars exceeded. Got 0. Expected 30
Car 11 has exited multiple times
Car 11 was not linked to lane when trying to exit.
Number of reached cars exceeded. Got 0. Expected 30
Car 12 has entered multiple times
Not exactly 2 cars from lane 0
Car 12 was not selected from lane 0 when trying to enter
Number of reached cars exceeded. Got 0. Expected 30
Car 12 has exited multiple times
Car 12 was not linked to lane when trying to exit.
Number of reached cars exceeded. Got 0. Expected 30
Car 29 has entered multiple times
Not exactly 2 cars from lane 1
Car 29 was not selected from lane 1 when trying to enter
Number of reached cars exceeded. Got 0. Expected 30
Car 29 has exited multiple times
Car 29 was not linked to lane when trying to exit.
Wrong output
Wrong output
Wrong output
Number of reached cars exceeded. Got 0. Expected 30
Car 2 has entered multiple times
Not exactly 2 cars from lane 0
Car 2 was not selected from lane 0 when trying to enter
Number of reached cars exceeded. Got 0. Expected 30
Car 20 has entered multiple times
Not exactly 2 cars from lane 1
Car 20 was not selected from lane 1 when trying to enter
Number of reached cars exceeded. Got 0. Expected 30
Car 3 has exited multiple times
Car 3 was not linked to lane when trying to exit.
Number of reached cars exceeded. Got 0. Expected 30
Car 13 has entered multiple times
Not exactly 2 cars from lane 0
Car 13 was not selected from lane 0 when trying to enter
Number of reached cars exceeded. Got 0. Expected 30
Car 1 has entered multiple times
Not exactly 2 cars from lane 0
Car 1 was not selected from lane 0 when trying to enter
Number of reached cars exceeded. Got 0. Expected 30
Car 28 has entered multiple times
Not exactly 2 cars from lane 0
Car 28 was not selected from lane 0 when trying to enter
Number of reached cars exceeded. Got 0. Expected 30
Car 5 has entered multiple times
Not exactly 2 cars from lane 1
Car 5 was not selected from lane 1 when trying to enter
Number of reached cars exceeded. Got 0. Expected 30
Car 5 has exited multiple times
Car 5 was not linked to lane when trying to exit.
Number of reached cars exceeded. Got 0. Expected 30
Car 27 has entered multiple times
Not exactly 2 cars from lane 1
Car 27 was not selected from lane 1 when trying to enter
Number of reached cars exceeded. Got 0. Expected 30
Car 25 has entered multiple times
Not exactly 2 cars from lane 1
Car 25 was not selected from lane 1 when trying to enter
Number of reached cars exceeded. Got 0. Expected 30
Car 27 has exited multiple times
Car 27 was not linked to lane when trying to exit.
Number of reached cars exceeded. Got 0. Expected 30
Car 19 has entered multiple times
Not exactly 2 cars from lane 1
Car 19 was not selected from lane 1 when trying to enter
Number of reached cars exceeded. Got 0. Expected 30
Car 21 has entered multiple times
Not exactly 2 cars from lane 1
Car 21 was not selected from lane 1 when trying to enter
Number of reached cars exceeded. Got 0. Expected 30
Car 17 has entered multiple times
Not exactly 2 cars from lane 2
Car 17 was not selected from lane 2 when trying to enter
Number of reached cars exceeded. Got 0. Expected 30
Car 17 has exited multiple times
Car 17 was not linked to lane when trying to exit.
Number of reached cars exceeded. Got 0. Expected 30
Car 8 has exited multiple times
Car 8 was not linked to lane when trying to exit.
Wrong output
Wrong output
Wrong output
Wrong output
Number of reached cars exceeded. Got 0. Expected 30
Car 7 has entered multiple times
Not exactly 2 cars from lane 2
Car 7 was not selected from lane 2 when trying to enter
Number of reached cars exceeded. Got 0. Expected 30
Car 9 has entered multiple times
Not exactly 2 cars from lane 2
Car 9 was not selected from lane 2 when trying to enter
Number of reached cars exceeded. Got 0. Expected 30
Car 15 has entered multiple times
Not exactly 2 cars from lane 2
Car 15 was not selected from lane 2 when trying to enter
Number of reached cars exceeded. Got 0. Expected 30
Car 15 has exited multiple times
Car 15 was not linked to lane when trying to exit.
Number of reached cars exceeded. Got 0. Expected 30
Car 22 has entered multiple times
Not exactly 2 cars from lane 2
Car 22 was not selected from lane 2 when trying to enter
Number of reached cars exceeded. Got 0. Expected 30
Car 14 has entered multiple times
Not exactly 2 cars from lane 2
Car 14 was not selected from lane 2 when trying to enter
Number of reached cars exceeded. Got 0. Expected 30
Car 22 has exited multiple times
Car 22 was not linked to lane when trying to exit.
Number of reached cars exceeded. Got 0. Expected 30
Car 23 has entered multiple times
Not exactly 2 cars from lane 2
Car 23 was not selected from lane 2 when trying to enter
Number of reached cars exceeded. Got 0. Expected 30
Car 21 has exited multiple times
Car 21 was not linked to lane when trying to exit.
Number of reached cars exceeded. Got 0. Expected 30
Car 19 has exited multiple times
Car 19 was not linked to lane when trying to exit.
Number of reached cars exceeded. Got 0. Expected 30
Car 25 has exited multiple times
Car 25 was not linked to lane when trying to exit.
Number of reached cars exceeded. Got 0. Expected 30
Car 28 has exited multiple times
Car 28 was not linked to lane when trying to exit.
Number of reached cars exceeded. Got 0. Expected 30
Car 1 has exited multiple times
Car 1 was not linked to lane when trying to exit.
Number of reached cars exceeded. Got 0. Expected 30
Car 13 has exited multiple times
Car 13 was not linked to lane when trying to exit.
Number of reached cars exceeded. Got 0. Expected 30
Car 26 has entered multiple times
Not exactly 2 cars from lane 0
Car 26 was not selected from lane 0 when trying to enter
Number of reached cars exceeded. Got 0. Expected 30
Car 20 has exited multiple times
Car 20 was not linked to lane when trying to exit.
Number of reached cars exceeded. Got 0. Expected 30
Car 2 has exited multiple times
Car 2 was not linked to lane when trying to exit.
Number of reached cars exceeded. Got 0. Expected 30
Car 26 has exited multiple times
Car 26 was not linked to lane when trying to exit.
Number of reached cars exceeded. Got 0. Expected 30
Car 10 has entered multiple times
Not exactly 2 cars from lane 0
Car 10 was not selected from lane 0 when trying to enter
Number of reached cars exceeded. Got 0. Expected 30
Car 23 has exited multiple times
Car 23 was not linked to lane when trying to exit.
Number of reached cars exceeded. Got 0. Expected 30
Car 14 has exited multiple times
Car 14 was not linked to lane when trying to exit.
Number of reached cars exceeded. Got 0. Expected 30
Car 16 has entered multiple times
Not exactly 2 cars from lane 2
Car 16 was not selected from lane 2 when trying to enter
Number of reached cars exceeded. Got 0. Expected 30
Car 9 has exited multiple times
Car 9 was not linked to lane when trying to exit.
Number of reached cars exceeded. Got 0. Expected 30
Car 7 has exited multiple times
Car 7 was not linked to lane when trying to exit.
Number of reached cars exceeded. Got 0. Expected 30
Car 16 has exited multiple times
Car 16 was not linked to lane when trying to exit.
Number of reached cars exceeded. Got 0. Expected 30
Car 10 has exited multiple times
Car 10 was not linked to lane when trying to exit.
Not all the cars have made all 4 steps
Not enough lines printed. Got 90. Expected 120
