Wrong output
Wrong output
Wrong output
Wrong output
Wrong output
Wrong output
Number of reached cars exceeded. Got 0. Expected 6
Car 5 has entered multiple times
Not exactly 1 cars from lane 0
Car 5 was not selected from lane 0 when trying to enter
Number of reached cars exceeded. Got 0. Expected 6
Car 3 has entered multiple times
Not exactly 1 cars from lane 1
Car 3 was not selected from lane 1 when trying to enter
Number of reached cars exceeded. Got 0. Expected 6
Car 1 has entered multiple times
Not exactly 1 cars from lane 2
Car 1 was not selected from lane 2 when trying to enter
Number of reached cars exceeded. Got 0. Expected 6
Car 5 has exited multiple times
Car 5 was not linked to lane when trying to exit.
Number of reached cars exceeded. Got 0. Expected 6
Car 3 has exited multiple times
Car 3 was not linked to lane when trying to exit.
Number of reached cars exceeded. Got 0. Expected 6
Car 0 has entered multiple times
Not exactly 1 cars from lane 0
Car 0 was not selected from lane 0 when trying to enter
Number of reached cars exceeded. Got 0. Expected 6
Car 4 has entered multiple times
Not exactly 1 cars from lane 1
Car 4 was not selected from lane 1 when trying to enter
Number of reached cars exceeded. Got 0. Expected 6
Car 0 has exited multiple times
Car 0 was not linked to lane when trying to exit.
Number of reached cars exceeded. Got 0. Expected 6
Car 4 has exited multiple times
Car 4 was not linked to lane when trying to exit.
Number of reached cars exceeded. Got 0. Expected 6
Car 1 has exited multiple times
Car 1 was not linked to lane when trying to exit.
Number of reached cars exceeded. Got 0. Expected 6
Car 2 has entered multiple times
Not exactly 1 cars from lane 2
Car 2 was not selected from lane 2 when trying to enter
Number of reached cars exceeded. Got 0. Expected 6
Car 2 has exited multiple times
Car 2 was not linked to lane when trying to exit.
Not all the cars have made all 4 steps
Not enough lines printed. Got 18. Expected 24
